#
# There is insufficient memory for the Java Runtime Environment to continue.
# Native memory allocation (malloc) failed to allocate 1794688 bytes. Error detail: Chunk::new
# Possible reasons:
#   The system is out of physical RAM or swap space
#   This process is running with CompressedOops enabled, and the Java Heap may be blocking the growth of the native heap
# Possible solutions:
#   Reduce memory load on the system
#   Increase physical memory or swap space
#   Check if swap backing store is full
#   Decrease Java heap size (-Xmx/-Xms)
#   Decrease number of Java threads
#   Decrease Java thread stack sizes (-Xss)
#   Set larger code cache with -XX:ReservedCodeCacheSize=
#   JVM is running with Unscaled Compressed Oops mode in which the Java heap is
#     placed in the first 4GB address space. The Java Heap base address is the
#     maximum limit for the native heap growth. Please use -XX:HeapBaseMinAddress
#     to set the Java Heap base and to place the Java Heap above 4GB virtual address.
# This output file may be truncated or incomplete.
#
#  Out of Memory Error (arena.cpp:191), pid=11256, tid=8860
#
# JRE version: OpenJDK Runtime Environment Temurin-17.0.16+8 (17.0.16+8) (build 17.0.16+8)
# Java VM: OpenJDK 64-Bit Server VM Temurin-17.0.16+8 (17.0.16+8, mixed mode, sharing, tiered, compressed oops, compressed class ptrs, g1 gc, windows-amd64)
# No core dump will be written. Minidumps are not enabled by default on client versions of Windows
#

---------------  S U M M A R Y ------------

Command Line: -Dclassworlds.conf=C:\Program Files\apache-maven-3.9.9\bin\m2.conf -Dmaven.home=C:\Program Files\apache-maven-3.9.9 -Dlibrary.jansi.path=C:\Program Files\apache-maven-3.9.9\lib\jansi-native -Dmaven.multiModuleProjectDirectory=C:\Users\AGOUROU GUSTAVE\Downloads\Open Classroom\P5\safetynet-alerts org.codehaus.plexus.classworlds.launcher.Launcher clean verify -Dmaven.test.skip=true

Host: Intel(R) Core(TM) i3-5005U CPU @ 2.00GHz, 4 cores, 3G,  Windows 10 , 64 bit Build 19041 (10.0.19041.5915)
Time: Wed Jul 30 12:13:16 2025 Paris, Madrid (heure duild 19041 (10.0.19041.5915) elapsed time: 26.489388 seconds (0d 0h 0m 26s)

---------------  T H R E A D  ---------------

Current thread (0x000002639a13c9b0):  JavaThread "C2 CompilerThread0" daemon [_thread_in_native, id=8860, stack(0x000000ac5ee00000,0x000000ac5ef00000)]


Current CompileTask:
C2:  26489 10030       4       org.apache.maven.model.inheritance.DefaultInheritanceAssembler$InheritanceModelMerger::mergePluginContainer_Plugins (433 bytes)

Stack: [0x000000ac5ee00000,0x000000ac5ef00000]
Native frames: (J=compiled Java code, j=interpreted, Vv=VM code, C=native code)
V  [jvm.dll+0x683169]
V  [jvm.dll+0x839ac8]
V  [jvm.dll+0x83b573]
V  [jvm.dll+0x83bbe3]
V  [jvm.dll+0x2473ff]
V  [jvm.dll+0xace94]
V  [jvm.dll+0xad52c]
V  [jvm.dll+0x365e0e]
V  [jvm.dll+0x1babb9]
V  [jvm.dll+0x218477]
V  [jvm.dll+0x21775f]
V  [jvm.dll+0x1a32a0]
V  [jvm.dll+0x227b3c]
V  [jvm.dll+0x225ccb]
V  [jvm.dll+0x7ef2d8]
V  [jvm.dll+0x7e979c]
V  [jvm.dll+0x682047]
C  [ucrtbase.dll+0x21bb2]
C  [KERNEL32.DLL+0x17374]
C  [ntdll.dll+0x4cc91]


---------------  P R O C E S S  ---------------

Threads class SMR info:
_java_thread_list=0x00000263a112e490, length=13, elements={
0x000002633daf3100, 0x000002639a1229a0, 0x000002639a123620, 0x000002639a134a60,
0x000002639a136430, 0x000002639a136df0, 0x000002639a1377b0, 0x000002639a13c9b0,
0x000002639a145470, 0x000002639a148da0, 0x000002639a2769d0, 0x000002639a2a1b60,
0x000002639ad24050
}

Java Threads: ( => current thread )
  0x000002633daf3100 JavaThread "main" [_thread_in_native, id=13640, stack(0x000000ac5e100000,0x000000ac5e200000)]
  0x000002639a1229a0 JavaThread "Reference Handler" daemon [_thread_blocked, id=6828, stack(0x000000ac5e800000,0x000000ac5e900000)]
  0x000002639a123620 JavaThread "Finalizer" daemon [_thread_blocked, id=15408, stack(0x000000ac5e900000,0x000000ac5ea00000)]
  0x000002639a134a60 JavaThread "Signal Dispatcher" daemon [_thread_blocked, id=16648, stack(0x000000ac5ea00000,0x000000ac5eb00000)]
  0x000002639a136430 JavaThread "Attach Listener" daemon [_thread_blocked, id=9920, stack(0x000000ac5eb00000,0x000000ac5ec00000)]
  0x000002639a136df0 JavaThread "Service Thread" daemon [_thread_blocked, id=16056, stack(0x000000ac5ec00000,0x000000ac5ed00000)]
  0x000002639a1377b0 JavaThread "Monitor Deflation Thread" daemon [_thread_blocked, id=14868, stack(0x000000ac5ed00000,0x000000ac5ee00000)]
=>0x000002639a13c9b0 JavaThread "C2 CompilerThread0" daemon [_thread_in_native, id=8860, stack(0x000000ac5ee00000,0x000000ac5ef00000)]
  0x000002639a145470 JavaThread "C1 CompilerThread0" daemon [_thread_blocked, id=4480, stack(0x000000ac5ef00000,0x000000ac5f000000)]
  0x000002639a148da0 JavaThread "Sweeper thread" daemon [_thread_blocked, id=2560, stack(0x000000ac5f000000,0x000000ac5f100000)]
  0x000002639a2769d0 JavaThread "Notification Thread" daemon [_thread_blocked, id=9952, stack(0x000000ac5f100000,0x000000ac5f200000)]
  0x000002639a2a1b60 JavaThread "Common-Cleaner" daemon [_thread_blocked, id=5160, stack(0x000000ac5f300000,0x000000ac5f400000)]
  0x000002639ad24050 JavaThread "Thread-1" daemon [_thread_blocked, id=10696, stack(0x000000ac5f800000,0x000000ac5f900000)]

Other Threads:
  0x000002633dbadfb0 VMThread "VM Thread" [stack: 0x000000ac5e700000,0x000000ac5e800000] [id=8468]
  0x000002639a2992d0 WatcherThread [stack: 0x000000ac5f200000,0x000000ac5f300000] [id=6276]
  0x000002633db2d5c0 GCTaskThread "GC Thread#0" [stack: 0x000000ac5e200000,0x000000ac5e300000] [id=12904]
  0x000002639aaf34f0 GCTaskThread "GC Thread#1" [stack: 0x000000ac5f400000,0x000000ac5f500000] [id=16492]
  0x000002639aac2aa0 GCTaskThread "GC Thread#2" [stack: 0x000000ac5f500000,0x000000ac5f600000] [id=10820]
  0x000002639aac2d60 GCTaskThread "GC Thread#3" [stack: 0x000000ac5f600000,0x000000ac5f700000] [id=1520]
  0x000002633db36110 ConcurrentGCThread "G1 Main Marker" [stack: 0x000000ac5e300000,0x000000ac5e400000] [id=6320]
  0x000002633db36a30 ConcurrentGCThread "G1 Conc#0" [stack: 0x000000ac5e400000,0x000000ac5e500000] [id=11672]
  0x000002633db88c40 ConcurrentGCThread "G1 Refine#0" [stack: 0x000000ac5e500000,0x000000ac5e600000] [id=10812]
  0x000002633db89570 ConcurrentGCThread "G1 Service" [stack: 0x000000ac5e600000,0x000000ac5e700000] [id=13384]

Threads with active compile tasks:
C2 CompilerThread0    26548 10030       4       org.apache.maven.model.inheritance.DefaultInheritanceAssembler$InheritanceModelMerger::mergePluginContainer_Plugins (433 bytes)

VM state: not at safepoint (normal execution)

VM Mutex/Monitor currently owned by a thread: None

Heap address: 0x00000000c1800000, size: 1000 MB, Compressed Oops mode: 32-bit

CDS archive(s) mapped at: [0x0000026359000000-0x0000026359bb0000-0x0000026359bb0000), size 12255232, SharedBaseAddress: 0x0000026359000000, ArchiveRelocationMode: 1.
Compressed class space mapped at: 0x000002635a000000-0x000002639a000000, reserved size: 1073741824
Narrow klass base: 0x0000026359000000, Narrow klass shift: 0, Narrow klass range: 0x100000000

GC Precious Log:
 CPUs: 4 total, 4 available
 Memory: 3997M
 Large Page Support: Disabled
 NUMA Support: Disabled
 Compressed Oops: Enabled (32-bit)
 Heap Region Size: 1M
 Heap Min Capacity: 8M
 Heap Initial Capacity: 64M
 Heap Max Capacity: 1000M
 Pre-touch: Disabled
 Parallel Workers: 4
 Concurrent Workers: 1
 Concurrent Refinement Workers: 4
 Periodic GC: Disabled

Heap:
 garbage-first heap   total 132096K, used 95588K [0x00000000c1800000, 0x0000000100000000)
  region size 1024K, 49 young (50176K), 2 survivors (2048K)
 Metaspace       used 40847K, committed 41344K, reserved 1114112K
  class space    used 4631K, committed 4864K, reserved 1048576K

Heap Regions: E=young(eden), S=young(survivor), O=old, HS=humongous(starts), HC=humongous(continues), CS=collection set, F=free, OA=open archive, CA=closed archive, TAMS=top-at-mark-start (previous, next)
|   0|0x00000000c1800000, 0x00000000c1900000, 0x00000000c1900000|100%| O|  |TAMS 0x00000000c1900000, 0x00000000c1800000| Untracked 
|   1|0x00000000c1900000, 0x00000000c1a00000, 0x00000000c1a00000|100%| O|  |TAMS 0x00000000c1a00000, 0x00000000c1900000| Untracked 
|   2|0x00000000c1a00000, 0x00000000c1b00000, 0x00000000c1b00000|100%| O|  |TAMS 0x00000000c1b00000, 0x00000000c1a00000| Untracked 
|   3|0x00000000c1b00000, 0x00000000c1c00000, 0x00000000c1c00000|100%| O|  |TAMS 0x00000000c1c00000, 0x00000000c1b00000| Untracked 
|   4|0x00000000c1c00000, 0x00000000c1d00000, 0x00000000c1d00000|100%| O|  |TAMS 0x00000000c1d00000, 0x00000000c1c00000| Untracked 
|   5|0x00000000c1d00000, 0x00000000c1e00000, 0x00000000c1e00000|100%| O|  |TAMS 0x00000000c1e00000, 0x00000000c1d00000| Untracked 
|   6|0x00000000c1e00000, 0x00000000c1f00000, 0x00000000c1f00000|100%| O|  |TAMS 0x00000000c1f00000, 0x00000000c1e00000| Untracked 
|   7|0x00000000c1f00000, 0x00000000c2000000, 0x00000000c2000000|100%| O|  |TAMS 0x00000000c2000000, 0x00000000c1f00000| Untracked 
|   8|0x00000000c2000000, 0x00000000c2100000, 0x00000000c2100000|100%| O|  |TAMS 0x00000000c2100000, 0x00000000c2000000| Untracked 
|   9|0x00000000c2100000, 0x00000000c2200000, 0x00000000c2200000|100%| O|  |TAMS 0x00000000c2200000, 0x00000000c2100000| Untracked 
|  10|0x00000000c2200000, 0x00000000c2300000, 0x00000000c2300000|100%| O|  |TAMS 0x00000000c2300000, 0x00000000c2200000| Untracked 
|  11|0x00000000c2300000, 0x00000000c2400000, 0x00000000c2400000|100%| O|  |TAMS 0x00000000c2400000, 0x00000000c2300000| Untracked 
|  12|0x00000000c2400000, 0x00000000c2500000, 0x00000000c2500000|100%| O|  |TAMS 0x00000000c2500000, 0x00000000c2400000| Untracked 
|  13|0x00000000c2500000, 0x00000000c2500000, 0x00000000c2600000|  0%| F|  |TAMS 0x00000000c2500000, 0x00000000c2500000| Untracked 
|  14|0x00000000c2600000, 0x00000000c2600000, 0x00000000c2700000|  0%| F|  |TAMS 0x00000000c2600000, 0x00000000c2600000| Untracked 
|  15|0x00000000c2700000, 0x00000000c2800000, 0x00000000c2800000|100%| O|  |TAMS 0x00000000c2800000, 0x00000000c2700000| Untracked 
|  16|0x00000000c2800000, 0x00000000c2900000, 0x00000000c2900000|100%| O|  |TAMS 0x00000000c2900000, 0x00000000c2800000| Untracked 
|  17|0x00000000c2900000, 0x00000000c2a00000, 0x00000000c2a00000|100%| O|  |TAMS 0x00000000c2a00000, 0x00000000c2900000| Untracked 
|  18|0x00000000c2a00000, 0x00000000c2b00000, 0x00000000c2b00000|100%| O|  |TAMS 0x00000000c2b00000, 0x00000000c2a00000| Untracked 
|  19|0x00000000c2b00000, 0x00000000c2c00000, 0x00000000c2c00000|100%| O|  |TAMS 0x00000000c2c00000, 0x00000000c2b00000| Untracked 
|  20|0x00000000c2c00000, 0x00000000c2d00000, 0x00000000c2d00000|100%|HS|  |TAMS 0x00000000c2d00000, 0x00000000c2c00000| Complete 
|  21|0x00000000c2d00000, 0x00000000c2e00000, 0x00000000c2e00000|100%|HC|  |TAMS 0x00000000c2e00000, 0x00000000c2d00000| Complete 
|  22|0x00000000c2e00000, 0x00000000c2f00000, 0x00000000c2f00000|100%| O|  |TAMS 0x00000000c2f00000, 0x00000000c2e00000| Untracked 
|  23|0x00000000c2f00000, 0x00000000c2f00000, 0x00000000c3000000|  0%| F|  |TAMS 0x00000000c2f00000, 0x00000000c2f00000| Untracked 
|  24|0x00000000c3000000, 0x00000000c3100000, 0x00000000c3100000|100%| O|  |TAMS 0x00000000c3100000, 0x00000000c3000000| Untracked 
|  25|0x00000000c3100000, 0x00000000c3100000, 0x00000000c3200000|  0%| F|  |TAMS 0x00000000c3100000, 0x00000000c3100000| Untracked 
|  26|0x00000000c3200000, 0x00000000c3200000, 0x00000000c3300000|  0%| F|  |TAMS 0x00000000c3200000, 0x00000000c3200000| Untracked 
|  27|0x00000000c3300000, 0x00000000c3400000, 0x00000000c3400000|100%| O|  |TAMS 0x00000000c3400000, 0x00000000c3300000| Untracked 
|  28|0x00000000c3400000, 0x00000000c3500000, 0x00000000c3500000|100%| O|  |TAMS 0x00000000c3500000, 0x00000000c3400000| Untracked 
|  29|0x00000000c3500000, 0x00000000c3600000, 0x00000000c3600000|100%| O|  |TAMS 0x00000000c3600000, 0x00000000c3500000| Untracked 
|  30|0x00000000c3600000, 0x00000000c3600000, 0x00000000c3700000|  0%| F|  |TAMS 0x00000000c3600000, 0x00000000c3600000| Untracked 
|  31|0x00000000c3700000, 0x00000000c3700000, 0x00000000c3800000|  0%| F|  |TAMS 0x00000000c3700000, 0x00000000c3700000| Untracked 
|  32|0x00000000c3800000, 0x00000000c3800000, 0x00000000c3900000|  0%| F|  |TAMS 0x00000000c3800000, 0x00000000c3800000| Untracked 
|  33|0x00000000c3900000, 0x00000000c3a00000, 0x00000000c3a00000|100%| O|  |TAMS 0x00000000c3a00000, 0x00000000c3900000| Untracked 
|  34|0x00000000c3a00000, 0x00000000c3b00000, 0x00000000c3b00000|100%| O|  |TAMS 0x00000000c3b00000, 0x00000000c3a00000| Untracked 
|  35|0x00000000c3b00000, 0x00000000c3c00000, 0x00000000c3c00000|100%| O|  |TAMS 0x00000000c3c00000, 0x00000000c3b00000| Untracked 
|  36|0x00000000c3c00000, 0x00000000c3c00000, 0x00000000c3d00000|  0%| F|  |TAMS 0x00000000c3c00000, 0x00000000c3c00000| Untracked 
|  37|0x00000000c3d00000, 0x00000000c3e00000, 0x00000000c3e00000|100%| O|  |TAMS 0x00000000c3e00000, 0x00000000c3d00000| Untracked 
|  38|0x00000000c3e00000, 0x00000000c3f00000, 0x00000000c3f00000|100%| O|  |TAMS 0x00000000c3f00000, 0x00000000c3e00000| Untracked 
|  39|0x00000000c3f00000, 0x00000000c4000000, 0x00000000c4000000|100%| O|  |TAMS 0x00000000c4000000, 0x00000000c3f00000| Untracked 
|  40|0x00000000c4000000, 0x00000000c4100000, 0x00000000c4100000|100%| O|  |TAMS 0x00000000c4100000, 0x00000000c4000000| Untracked 
|  41|0x00000000c4100000, 0x00000000c4200000, 0x00000000c4200000|100%| O|  |TAMS 0x00000000c4200000, 0x00000000c4100000| Untracked 
|  42|0x00000000c4200000, 0x00000000c4300000, 0x00000000c4300000|100%| O|  |TAMS 0x00000000c4200000, 0x00000000c4200000| Untracked 
|  43|0x00000000c4300000, 0x00000000c4400000, 0x00000000c4400000|100%| O|  |TAMS 0x00000000c4400000, 0x00000000c4300000| Untracked 
|  44|0x00000000c4400000, 0x00000000c4500000, 0x00000000c4500000|100%| O|  |TAMS 0x00000000c4410e00, 0x00000000c4400000| Untracked 
|  45|0x00000000c4500000, 0x00000000c4600000, 0x00000000c4600000|100%| O|  |TAMS 0x00000000c4500000, 0x00000000c4500000| Untracked 
|  46|0x00000000c4600000, 0x00000000c4700000, 0x00000000c4700000|100%| O|  |TAMS 0x00000000c4600000, 0x00000000c4600000| Untracked 
|  47|0x00000000c4700000, 0x00000000c4800000, 0x00000000c4800000|100%| O|  |TAMS 0x00000000c4700000, 0x00000000c4700000| Untracked 
|  48|0x00000000c4800000, 0x00000000c4900000, 0x00000000c4900000|100%| O|  |TAMS 0x00000000c4800000, 0x00000000c4800000| Untracked 
|  49|0x00000000c4900000, 0x00000000c4a00000, 0x00000000c4a00000|100%| O|  |TAMS 0x00000000c4900000, 0x00000000c4900000| Untracked 
|  50|0x00000000c4a00000, 0x00000000c4b00000, 0x00000000c4b00000|100%| O|  |TAMS 0x00000000c4a00000, 0x00000000c4a00000| Untracked 
|  51|0x00000000c4b00000, 0x00000000c4c00000, 0x00000000c4c00000|100%| O|  |TAMS 0x00000000c4b00000, 0x00000000c4b00000| Untracked 
|  52|0x00000000c4c00000, 0x00000000c4c9ea00, 0x00000000c4d00000| 61%| O|  |TAMS 0x00000000c4c00000, 0x00000000c4c00000| Untracked 
|  53|0x00000000c4d00000, 0x00000000c4d00000, 0x00000000c4e00000|  0%| F|  |TAMS 0x00000000c4d00000, 0x00000000c4d00000| Untracked 
|  54|0x00000000c4e00000, 0x00000000c4e00000, 0x00000000c4f00000|  0%| F|  |TAMS 0x00000000c4e00000, 0x00000000c4e00000| Untracked 
|  55|0x00000000c4f00000, 0x00000000c4f00000, 0x00000000c5000000|  0%| F|  |TAMS 0x00000000c4f00000, 0x00000000c4f00000| Untracked 
|  56|0x00000000c5000000, 0x00000000c5000000, 0x00000000c5100000|  0%| F|  |TAMS 0x00000000c5000000, 0x00000000c5000000| Untracked 
|  57|0x00000000c5100000, 0x00000000c5100000, 0x00000000c5200000|  0%| F|  |TAMS 0x00000000c5100000, 0x00000000c5100000| Untracked 
|  58|0x00000000c5200000, 0x00000000c5200000, 0x00000000c5300000|  0%| F|  |TAMS 0x00000000c5200000, 0x00000000c5200000| Untracked 
|  59|0x00000000c5300000, 0x00000000c5300000, 0x00000000c5400000|  0%| F|  |TAMS 0x00000000c5300000, 0x00000000c5300000| Untracked 
|  60|0x00000000c5400000, 0x00000000c5400000, 0x00000000c5500000|  0%| F|  |TAMS 0x00000000c5400000, 0x00000000c5400000| Untracked 
|  61|0x00000000c5500000, 0x00000000c5500000, 0x00000000c5600000|  0%| F|  |TAMS 0x00000000c5500000, 0x00000000c5500000| Untracked 
|  62|0x00000000c5600000, 0x00000000c5600000, 0x00000000c5700000|  0%| F|  |TAMS 0x00000000c5600000, 0x00000000c5600000| Untracked 
|  63|0x00000000c5700000, 0x00000000c5700000, 0x00000000c5800000|  0%| F|  |TAMS 0x00000000c5700000, 0x00000000c5700000| Untracked 
|  64|0x00000000c5800000, 0x00000000c5800000, 0x00000000c5900000|  0%| F|  |TAMS 0x00000000c5800000, 0x00000000c5800000| Untracked 
|  65|0x00000000c5900000, 0x00000000c59ba780, 0x00000000c5a00000| 72%| S|CS|TAMS 0x00000000c5900000, 0x00000000c5900000| Complete 
|  66|0x00000000c5a00000, 0x00000000c5b00000, 0x00000000c5b00000|100%| S|CS|TAMS 0x00000000c5a00000, 0x00000000c5a00000| Complete 
|  67|0x00000000c5b00000, 0x00000000c5b00000, 0x00000000c5c00000|  0%| F|  |TAMS 0x00000000c5b00000, 0x00000000c5b00000| Untracked 
|  68|0x00000000c5c00000, 0x00000000c5c00000, 0x00000000c5d00000|  0%| F|  |TAMS 0x00000000c5c00000, 0x00000000c5c00000| Untracked 
|  69|0x00000000c5d00000, 0x00000000c5d00000, 0x00000000c5e00000|  0%| F|  |TAMS 0x00000000c5d00000, 0x00000000c5d00000| Untracked 
|  70|0x00000000c5e00000, 0x00000000c5f00000, 0x00000000c5f00000|100%| O|  |TAMS 0x00000000c5e00000, 0x00000000c5e00000| Untracked 
|  71|0x00000000c5f00000, 0x00000000c6000000, 0x00000000c6000000|100%| O|  |TAMS 0x00000000c5f00000, 0x00000000c5f00000| Untracked 
|  72|0x00000000c6000000, 0x00000000c6000000, 0x00000000c6100000|  0%| F|  |TAMS 0x00000000c6000000, 0x00000000c6000000| Untracked 
|  73|0x00000000c6100000, 0x00000000c6100000, 0x00000000c6200000|  0%| F|  |TAMS 0x00000000c6100000, 0x00000000c6100000| Untracked 
|  74|0x00000000c6200000, 0x00000000c6200000, 0x00000000c6300000|  0%| F|  |TAMS 0x00000000c6200000, 0x00000000c6200000| Untracked 
|  75|0x00000000c6300000, 0x00000000c6300000, 0x00000000c6400000|  0%| F|  |TAMS 0x00000000c6300000, 0x00000000c6300000| Untracked 
|  76|0x00000000c6400000, 0x00000000c6400000, 0x00000000c6500000|  0%| F|  |TAMS 0x00000000c6400000, 0x00000000c6400000| Untracked 
|  77|0x00000000c6500000, 0x00000000c6500000, 0x00000000c6600000|  0%| F|  |TAMS 0x00000000c6500000, 0x00000000c6500000| Untracked 
|  78|0x00000000c6600000, 0x00000000c6600000, 0x00000000c6700000|  0%| F|  |TAMS 0x00000000c6600000, 0x00000000c6600000| Untracked 
|  79|0x00000000c6700000, 0x00000000c6700000, 0x00000000c6800000|  0%| F|  |TAMS 0x00000000c6700000, 0x00000000c6700000| Untracked 
|  80|0x00000000c6800000, 0x00000000c6800000, 0x00000000c6900000|  0%| F|  |TAMS 0x00000000c6800000, 0x00000000c6800000| Untracked 
|  81|0x00000000c6900000, 0x00000000c6980000, 0x00000000c6a00000| 50%| E|  |TAMS 0x00000000c6900000, 0x00000000c6900000| Complete 
|  82|0x00000000c6a00000, 0x00000000c6b00000, 0x00000000c6b00000|100%| E|CS|TAMS 0x00000000c6a00000, 0x00000000c6a00000| Complete 
|  83|0x00000000c6b00000, 0x00000000c6c00000, 0x00000000c6c00000|100%| E|CS|TAMS 0x00000000c6b00000, 0x00000000c6b00000| Complete 
|  84|0x00000000c6c00000, 0x00000000c6d00000, 0x00000000c6d00000|100%| E|CS|TAMS 0x00000000c6c00000, 0x00000000c6c00000| Complete 
|  85|0x00000000c6d00000, 0x00000000c6e00000, 0x00000000c6e00000|100%| E|CS|TAMS 0x00000000c6d00000, 0x00000000c6d00000| Complete 
|  86|0x00000000c6e00000, 0x00000000c6f00000, 0x00000000c6f00000|100%| E|CS|TAMS 0x00000000c6e00000, 0x00000000c6e00000| Complete 
|  87|0x00000000c6f00000, 0x00000000c7000000, 0x00000000c7000000|100%| E|CS|TAMS 0x00000000c6f00000, 0x00000000c6f00000| Complete 
|  88|0x00000000c7000000, 0x00000000c7100000, 0x00000000c7100000|100%| E|CS|TAMS 0x00000000c7000000, 0x00000000c7000000| Complete 
|  89|0x00000000c7100000, 0x00000000c7200000, 0x00000000c7200000|100%| E|CS|TAMS 0x00000000c7100000, 0x00000000c7100000| Complete 
|  90|0x00000000c7200000, 0x00000000c7300000, 0x00000000c7300000|100%| E|CS|TAMS 0x00000000c7200000, 0x00000000c7200000| Complete 
|  91|0x00000000c7300000, 0x00000000c7400000, 0x00000000c7400000|100%| E|CS|TAMS 0x00000000c7300000, 0x00000000c7300000| Complete 
|  92|0x00000000c7400000, 0x00000000c7500000, 0x00000000c7500000|100%| E|CS|TAMS 0x00000000c7400000, 0x00000000c7400000| Complete 
|  93|0x00000000c7500000, 0x00000000c7600000, 0x00000000c7600000|100%| E|CS|TAMS 0x00000000c7500000, 0x00000000c7500000| Complete 
|  94|0x00000000c7600000, 0x00000000c7700000, 0x00000000c7700000|100%| E|CS|TAMS 0x00000000c7600000, 0x00000000c7600000| Complete 
|  95|0x00000000c7700000, 0x00000000c7800000, 0x00000000c7800000|100%| E|CS|TAMS 0x00000000c7700000, 0x00000000c7700000| Complete 
|  96|0x00000000c7800000, 0x00000000c7900000, 0x00000000c7900000|100%| E|CS|TAMS 0x00000000c7800000, 0x00000000c7800000| Complete 
|  97|0x00000000c7900000, 0x00000000c7a00000, 0x00000000c7a00000|100%| E|CS|TAMS 0x00000000c7900000, 0x00000000c7900000| Complete 
|  98|0x00000000c7a00000, 0x00000000c7b00000, 0x00000000c7b00000|100%| E|CS|TAMS 0x00000000c7a00000, 0x00000000c7a00000| Complete 
|  99|0x00000000c7b00000, 0x00000000c7c00000, 0x00000000c7c00000|100%| E|CS|TAMS 0x00000000c7b00000, 0x00000000c7b00000| Complete 
| 100|0x00000000c7c00000, 0x00000000c7d00000, 0x00000000c7d00000|100%| E|CS|TAMS 0x00000000c7c00000, 0x00000000c7c00000| Complete 
| 101|0x00000000c7d00000, 0x00000000c7e00000, 0x00000000c7e00000|100%| E|CS|TAMS 0x00000000c7d00000, 0x00000000c7d00000| Complete 
| 102|0x00000000c7e00000, 0x00000000c7f00000, 0x00000000c7f00000|100%| E|CS|TAMS 0x00000000c7e00000, 0x00000000c7e00000| Complete 
| 103|0x00000000c7f00000, 0x00000000c8000000, 0x00000000c8000000|100%| E|CS|TAMS 0x00000000c7f00000, 0x00000000c7f00000| Complete 
| 104|0x00000000c8000000, 0x00000000c8100000, 0x00000000c8100000|100%| E|CS|TAMS 0x00000000c8000000, 0x00000000c8000000| Complete 
| 105|0x00000000c8100000, 0x00000000c8200000, 0x00000000c8200000|100%| E|CS|TAMS 0x00000000c8100000, 0x00000000c8100000| Complete 
| 106|0x00000000c8200000, 0x00000000c8300000, 0x00000000c8300000|100%| E|CS|TAMS 0x00000000c8200000, 0x00000000c8200000| Complete 
| 107|0x00000000c8300000, 0x00000000c8400000, 0x00000000c8400000|100%| E|CS|TAMS 0x00000000c8300000, 0x00000000c8300000| Complete 
| 108|0x00000000c8400000, 0x00000000c8500000, 0x00000000c8500000|100%| E|CS|TAMS 0x00000000c8400000, 0x00000000c8400000| Complete 
| 109|0x00000000c8500000, 0x00000000c8600000, 0x00000000c8600000|100%| E|CS|TAMS 0x00000000c8500000, 0x00000000c8500000| Complete 
| 110|0x00000000c8600000, 0x00000000c8700000, 0x00000000c8700000|100%| E|CS|TAMS 0x00000000c8600000, 0x00000000c8600000| Complete 
| 111|0x00000000c8700000, 0x00000000c8800000, 0x00000000c8800000|100%| E|CS|TAMS 0x00000000c8700000, 0x00000000c8700000| Complete 
| 112|0x00000000c8800000, 0x00000000c8900000, 0x00000000c8900000|100%| E|CS|TAMS 0x00000000c8800000, 0x00000000c8800000| Complete 
| 113|0x00000000c8900000, 0x00000000c8a00000, 0x00000000c8a00000|100%| E|CS|TAMS 0x00000000c8900000, 0x00000000c8900000| Complete 
| 114|0x00000000c8a00000, 0x00000000c8b00000, 0x00000000c8b00000|100%| E|CS|TAMS 0x00000000c8a00000, 0x00000000c8a00000| Complete 
| 115|0x00000000c8b00000, 0x00000000c8c00000, 0x00000000c8c00000|100%| E|CS|TAMS 0x00000000c8b00000, 0x00000000c8b00000| Complete 
| 116|0x00000000c8c00000, 0x00000000c8d00000, 0x00000000c8d00000|100%| E|CS|TAMS 0x00000000c8c00000, 0x00000000c8c00000| Complete 
| 117|0x00000000c8d00000, 0x00000000c8e00000, 0x00000000c8e00000|100%| E|CS|TAMS 0x00000000c8d00000, 0x00000000c8d00000| Complete 
| 118|0x00000000c8e00000, 0x00000000c8f00000, 0x00000000c8f00000|100%| E|CS|TAMS 0x00000000c8e00000, 0x00000000c8e00000| Complete 
| 119|0x00000000c8f00000, 0x00000000c9000000, 0x00000000c9000000|100%| E|CS|TAMS 0x00000000c8f00000, 0x00000000c8f00000| Complete 
| 120|0x00000000c9000000, 0x00000000c9100000, 0x00000000c9100000|100%| E|CS|TAMS 0x00000000c9000000, 0x00000000c9000000| Complete 
| 121|0x00000000c9100000, 0x00000000c9200000, 0x00000000c9200000|100%| E|CS|TAMS 0x00000000c9100000, 0x00000000c9100000| Complete 
| 122|0x00000000c9200000, 0x00000000c9300000, 0x00000000c9300000|100%| E|CS|TAMS 0x00000000c9200000, 0x00000000c9200000| Complete 
| 123|0x00000000c9300000, 0x00000000c9400000, 0x00000000c9400000|100%| E|CS|TAMS 0x00000000c9300000, 0x00000000c9300000| Complete 
| 124|0x00000000c9400000, 0x00000000c9500000, 0x00000000c9500000|100%| E|CS|TAMS 0x00000000c9400000, 0x00000000c9400000| Complete 
| 125|0x00000000c9500000, 0x00000000c9600000, 0x00000000c9600000|100%| E|CS|TAMS 0x00000000c9500000, 0x00000000c9500000| Complete 
| 126|0x00000000c9600000, 0x00000000c9700000, 0x00000000c9700000|100%| E|CS|TAMS 0x00000000c9600000, 0x00000000c9600000| Complete 
| 127|0x00000000c9700000, 0x00000000c9800000, 0x00000000c9800000|100%| E|CS|TAMS 0x00000000c9700000, 0x00000000c9700000| Complete 
| 128|0x00000000c9800000, 0x00000000c9900000, 0x00000000c9900000|100%| E|CS|TAMS 0x00000000c9800000, 0x00000000c9800000| Complete 

Card table byte_map: [0x0000026354850000,0x0000026354a50000] _byte_map_base: 0x0000026354244000

Marking Bits (Prev, Next): (CMBitMap*) 0x000002633db2db20, (CMBitMap*) 0x000002633db2dae0
 Prev Bits: [0x0000026355bf0000, 0x0000026356b90000)
 Next Bits: [0x0000026354c50000, 0x0000026355bf0000)

Polling page: 0x000002633b9b0000

Metaspace:

Usage:
  Non-class:     35.37 MB used.
      Class:      4.52 MB used.
       Both:     39.89 MB used.

Virtual space:
  Non-class space:       64.00 MB reserved,      35.62 MB ( 56%) committed,  1 nodes.
      Class space:        1.00 GB reserved,       4.75 MB ( <1%) committed,  1 nodes.
             Both:        1.06 GB reserved,      40.38 MB (  4%) committed. 

Chunk freelists:
   Non-Class:  11.84 MB
       Class:  11.07 MB
        Both:  22.91 MB

MaxMetaspaceSize: unlimited
CompressedClassSpaceSize: 1.00 GB
Initial GC threshold: 21.00 MB
Current GC threshold: 57.81 MB
CDS: on
MetaspaceReclaimPolicy: balanced
 - commit_granule_bytes: 65536.
 - commit_granule_words: 8192.
 - virtual_space_node_default_size: 8388608.
 - enlarge_chunks_in_place: 1.
 - new_chunks_are_fully_committed: 0.
 - uncommit_free_chunks: 1.
 - use_allocation_guard: 0.
 - handle_deallocations: 1.


Internal statistics:

num_allocs_failed_limit: 9.
num_arena_births: 364.
num_arena_deaths: 0.
num_vsnodes_births: 2.
num_vsnodes_deaths: 0.
num_space_committed: 646.
num_space_uncommitted: 0.
num_chunks_returned_to_freelist: 9.
num_chunks_taken_from_freelist: 1904.
num_chunk_merges: 9.
num_chunk_splits: 1334.
num_chunks_enlarged: 1026.
num_inconsistent_stats: 0.

CodeHeap 'non-profiled nmethods': size=120000Kb used=3721Kb max_used=4259Kb free=116279Kb
 bounds [0x000002634d120000, 0x000002634d550000, 0x0000026354650000]
CodeHeap 'profiled nmethods': size=120000Kb used=16690Kb max_used=19001Kb free=103309Kb
 bounds [0x0000026345650000, 0x00000263468e0000, 0x000002634cb80000]
CodeHeap 'non-nmethods': size=5760Kb used=1252Kb max_used=1292Kb free=4507Kb
 bounds [0x000002634cb80000, 0x000002634cdf0000, 0x000002634d120000]
 total_blobs=8917 nmethods=8350 adapters=479
 compilation: enabled
              stopped_count=0, restarted_count=0
 full_count=0

Compilation events (20 events):
Event: 26.376 Thread 0x000002639a145470 nmethod 10342 0x00000263458f3890 code [0x00000263458f3a40, 0x00000263458f3bc8]
Event: 26.376 Thread 0x000002639a145470 10345       2       org.apache.maven.plugin.internal.WagonExcluder::deriveChildSelector (34 bytes)
Event: 26.376 Thread 0x000002639a145470 nmethod 10345 0x0000026345766990 code [0x0000026345766b40, 0x0000026345766d68]
Event: 26.376 Thread 0x000002639a145470 10346       2       org.apache.maven.plugin.internal.WagonExcluder::isLegacyCoreArtifact (54 bytes)
Event: 26.377 Thread 0x000002639a145470 nmethod 10346 0x0000026345bba790 code [0x0000026345bba960, 0x0000026345bbac08]
Event: 26.377 Thread 0x000002639a145470 10343       2       org.eclipse.aether.internal.impl.collect.DataPool$GoodDescriptor::<init> (53 bytes)
Event: 26.377 Thread 0x000002639a145470 nmethod 10343 0x0000026345b34090 code [0x0000026345b34240, 0x0000026345b34598]
Event: 26.377 Thread 0x000002639a145470 10344       2       org.eclipse.aether.internal.impl.collect.DataPool$Descriptor::<init> (5 bytes)
Event: 26.378 Thread 0x000002639a145470 nmethod 10344 0x0000026346276a10 code [0x0000026346276ba0, 0x0000026346276c98]
Event: 26.389 Thread 0x000002639a145470 10347       2       org.apache.maven.model.merge.ModelMerger::mergeParent (37 bytes)
Event: 26.389 Thread 0x000002639a145470 nmethod 10347 0x00000263457e7710 code [0x00000263457e78e0, 0x00000263457e7ab8]
Event: 26.389 Thread 0x000002639a145470 10348       2       org.apache.maven.model.interpolation.StringVisitorModelInterpolator::createInterpolator (126 bytes)
Event: 26.390 Thread 0x000002639a145470 nmethod 10348 0x0000026345859b10 code [0x0000026345859d60, 0x000002634585a558]
Event: 26.422 Thread 0x000002639a145470 10349   !   3       sun.nio.cs.StreamDecoder::read (220 bytes)
Event: 26.424 Thread 0x000002639a145470 nmethod 10349 0x0000026345bad490 code [0x0000026345bad720, 0x0000026345bae348]
Event: 26.430 Thread 0x000002639a145470 10350       1       org.apache.maven.model.CiManagement::setNotifiers (6 bytes)
Event: 26.430 Thread 0x000002639a145470 nmethod 10350 0x000002634d31e890 code [0x000002634d31ea20, 0x000002634d31eb38]
Event: 26.477 Thread 0x000002639a145470 10352       2       org.apache.maven.model.interpolation.StringVisitorModelInterpolator$ModelVisitor::visit (66 bytes)
Event: 26.478 Thread 0x000002639a145470 nmethod 10352 0x00000263458d1d10 code [0x00000263458d1f00, 0x00000263458d23d8]
Event: 26.483 Thread 0x000002639a145470 10353   !   3       org.eclipse.aether.util.version.GenericVersion$Tokenizer::toItem (285 bytes)

GC Heap History (20 events):
Event: 12.925 GC heap before
{Heap before GC invocations=16 (full 0):
 garbage-first heap   total 81920K, used 46551K [0x00000000c1800000, 0x0000000100000000)
  region size 1024K, 4 young (4096K), 1 survivors (1024K)
 Metaspace       used 28827K, committed 29184K, reserved 1114112K
  class space    used 3311K, committed 3456K, reserved 1048576K
}
Event: 12.927 GC heap after
{Heap after GC invocations=17 (full 0):
 garbage-first heap   total 81920K, used 43778K [0x00000000c1800000, 0x0000000100000000)
  region size 1024K, 1 young (1024K), 1 survivors (1024K)
 Metaspace       used 28827K, committed 29184K, reserved 1114112K
  class space    used 3311K, committed 3456K, reserved 1048576K
}
Event: 13.375 GC heap before
{Heap before GC invocations=17 (full 0):
 garbage-first heap   total 81920K, used 64258K [0x00000000c1800000, 0x0000000100000000)
  region size 1024K, 21 young (21504K), 1 survivors (1024K)
 Metaspace       used 29440K, committed 29760K, reserved 1114112K
  class space    used 3377K, committed 3520K, reserved 1048576K
}
Event: 13.380 GC heap after
{Heap after GC invocations=18 (full 0):
 garbage-first heap   total 106496K, used 44186K [0x00000000c1800000, 0x0000000100000000)
  region size 1024K, 1 young (1024K), 1 survivors (1024K)
 Metaspace       used 29440K, committed 29760K, reserved 1114112K
  class space    used 3377K, committed 3520K, reserved 1048576K
}
Event: 14.069 GC heap before
{Heap before GC invocations=19 (full 0):
 garbage-first heap   total 106496K, used 81050K [0x00000000c1800000, 0x0000000100000000)
  region size 1024K, 37 young (37888K), 1 survivors (1024K)
 Metaspace       used 29864K, committed 30208K, reserved 1114112K
  class space    used 3390K, committed 3520K, reserved 1048576K
}
Event: 14.077 GC heap after
{Heap after GC invocations=20 (full 0):
 garbage-first heap   total 106496K, used 44742K [0x00000000c1800000, 0x0000000100000000)
  region size 1024K, 2 young (2048K), 2 survivors (2048K)
 Metaspace       used 29864K, committed 30208K, reserved 1114112K
  class space    used 3390K, committed 3520K, reserved 1048576K
}
Event: 14.138 GC heap before
{Heap before GC invocations=20 (full 0):
 garbage-first heap   total 106496K, used 47814K [0x00000000c1800000, 0x0000000100000000)
  region size 1024K, 5 young (5120K), 2 survivors (2048K)
 Metaspace       used 29902K, committed 30272K, reserved 1114112K
  class space    used 3390K, committed 3520K, reserved 1048576K
}
Event: 14.146 GC heap after
{Heap after GC invocations=21 (full 0):
 garbage-first heap   total 106496K, used 44308K [0x00000000c1800000, 0x0000000100000000)
  region size 1024K, 1 young (1024K), 1 survivors (1024K)
 Metaspace       used 29902K, committed 30272K, reserved 1114112K
  class space    used 3390K, committed 3520K, reserved 1048576K
}
Event: 15.894 GC heap before
{Heap before GC invocations=21 (full 0):
 garbage-first heap   total 106496K, used 83220K [0x00000000c1800000, 0x0000000100000000)
  region size 1024K, 39 young (39936K), 1 survivors (1024K)
 Metaspace       used 31883K, committed 32384K, reserved 1114112K
  class space    used 3616K, committed 3840K, reserved 1048576K
}
Event: 15.906 GC heap after
{Heap after GC invocations=22 (full 0):
 garbage-first heap   total 106496K, used 46661K [0x00000000c1800000, 0x0000000100000000)
  region size 1024K, 3 young (3072K), 3 survivors (3072K)
 Metaspace       used 31883K, committed 32384K, reserved 1114112K
  class space    used 3616K, committed 3840K, reserved 1048576K
}
Event: 18.770 GC heap before
{Heap before GC invocations=22 (full 0):
 garbage-first heap   total 106496K, used 84549K [0x00000000c1800000, 0x0000000100000000)
  region size 1024K, 40 young (40960K), 3 survivors (3072K)
 Metaspace       used 32904K, committed 33344K, reserved 1114112K
  class space    used 3696K, committed 3904K, reserved 1048576K
}
Event: 18.785 GC heap after
{Heap after GC invocations=23 (full 0):
 garbage-first heap   total 106496K, used 48584K [0x00000000c1800000, 0x0000000100000000)
  region size 1024K, 5 young (5120K), 5 survivors (5120K)
 Metaspace       used 32904K, committed 33344K, reserved 1114112K
  class space    used 3696K, committed 3904K, reserved 1048576K
}
Event: 20.238 GC heap before
{Heap before GC invocations=23 (full 0):
 garbage-first heap   total 106496K, used 74184K [0x00000000c1800000, 0x0000000100000000)
  region size 1024K, 28 young (28672K), 5 survivors (5120K)
 Metaspace       used 34823K, committed 35264K, reserved 1114112K
  class space    used 3984K, committed 4160K, reserved 1048576K
}
Event: 20.264 GC heap after
{Heap after GC invocations=24 (full 0):
 garbage-first heap   total 106496K, used 53452K [0x00000000c1800000, 0x0000000100000000)
  region size 1024K, 4 young (4096K), 4 survivors (4096K)
 Metaspace       used 34823K, committed 35264K, reserved 1114112K
  class space    used 3984K, committed 4160K, reserved 1048576K
}
Event: 21.645 GC heap before
{Heap before GC invocations=25 (full 0):
 garbage-first heap   total 132096K, used 107724K [0x00000000c1800000, 0x0000000100000000)
  region size 1024K, 36 young (36864K), 4 survivors (4096K)
 Metaspace       used 35801K, committed 36224K, reserved 1114112K
  class space    used 4099K, committed 4288K, reserved 1048576K
}
Event: 21.654 GC heap after
{Heap after GC invocations=26 (full 0):
 garbage-first heap   total 132096K, used 52500K [0x00000000c1800000, 0x0000000100000000)
  region size 1024K, 4 young (4096K), 4 survivors (4096K)
 Metaspace       used 35801K, committed 36224K, reserved 1114112K
  class space    used 4099K, committed 4288K, reserved 1048576K
}
Event: 21.758 GC heap before
{Heap before GC invocations=26 (full 0):
 garbage-first heap   total 132096K, used 53524K [0x00000000c1800000, 0x0000000100000000)
  region size 1024K, 6 young (6144K), 4 survivors (4096K)
 Metaspace       used 36136K, committed 36544K, reserved 1114112K
  class space    used 4151K, committed 4352K, reserved 1048576K
}
Event: 21.774 GC heap after
{Heap after GC invocations=27 (full 0):
 garbage-first heap   total 132096K, used 47369K [0x00000000c1800000, 0x0000000100000000)
  region size 1024K, 1 young (1024K), 1 survivors (1024K)
 Metaspace       used 36136K, committed 36544K, reserved 1114112K
  class space    used 4151K, committed 4352K, reserved 1048576K
}
Event: 24.596 GC heap before
{Heap before GC invocations=27 (full 0):
 garbage-first heap   total 132096K, used 107785K [0x00000000c1800000, 0x0000000100000000)
  region size 1024K, 60 young (61440K), 1 survivors (1024K)
 Metaspace       used 37644K, committed 38080K, reserved 1114112K
  class space    used 4295K, committed 4480K, reserved 1048576K
}
Event: 24.601 GC heap after
{Heap after GC invocations=28 (full 0):
 garbage-first heap   total 132096K, used 48484K [0x00000000c1800000, 0x0000000100000000)
  region size 1024K, 2 young (2048K), 2 survivors (2048K)
 Metaspace       used 37644K, committed 38080K, reserved 1114112K
  class space    used 4295K, committed 4480K, reserved 1048576K
}

Dll operation events (8 events):
Event: 0.011 Loaded shared library C:\Users\AGOUROU GUSTAVE\AppData\Roaming\Code\User\globalStorage\pleiades.java-extension-pack-jdk\java\17\bin\java.dll
Event: 0.133 Loaded shared library C:\Users\AGOUROU GUSTAVE\AppData\Roaming\Code\User\globalStorage\pleiades.java-extension-pack-jdk\java\17\bin\jsvml.dll
Event: 0.250 Loaded shared library C:\Users\AGOUROU GUSTAVE\AppData\Roaming\Code\User\globalStorage\pleiades.java-extension-pack-jdk\java\17\bin\net.dll
Event: 0.263 Loaded shared library C:\Users\AGOUROU GUSTAVE\AppData\Roaming\Code\User\globalStorage\pleiades.java-extension-pack-jdk\java\17\bin\nio.dll
Event: 0.272 Loaded shared library C:\Users\AGOUROU GUSTAVE\AppData\Roaming\Code\User\globalStorage\pleiades.java-extension-pack-jdk\java\17\bin\zip.dll
Event: 0.547 Loaded shared library C:\Program Files\apache-maven-3.9.9\lib\jansi-native\Windows\x86_64\jansi.dll
Event: 0.548 Loaded shared library C:\Users\AGOUROU GUSTAVE\AppData\Roaming\Code\User\globalStorage\pleiades.java-extension-pack-jdk\java\17\bin\jimage.dll
Event: 0.577 Loaded shared library C:\Users\AGOUROU GUSTAVE\AppData\Roaming\Code\User\globalStorage\pleiades.java-extension-pack-jdk\java\17\bin\verify.dll

Deoptimization events (20 events):
Event: 25.785 Thread 0x000002633daf3100 Uncommon trap: trap_request=0xffffff45 fr.pc=0x000002634d44a708 relative=0x00000000000000c8
Event: 25.785 Thread 0x000002633daf3100 Uncommon trap: reason=unstable_if action=reinterpret pc=0x000002634d44a708 method=java.util.regex.Pattern.atom()Ljava/util/regex/Pattern$Node; @ 14 c2
Event: 25.785 Thread 0x000002633daf3100 DEOPT PACKING pc=0x000002634d44a708 sp=0x000000ac5e1fcc40
Event: 25.785 Thread 0x000002633daf3100 DEOPT UNPACKING pc=0x000002634cbd69a3 sp=0x000000ac5e1fcc18 mode 2
Event: 25.960 Thread 0x000002633daf3100 Uncommon trap: trap_request=0xffffff45 fr.pc=0x000002634d1704c0 relative=0x00000000000000a0
Event: 25.960 Thread 0x000002633daf3100 Uncommon trap: reason=unstable_if action=reinterpret pc=0x000002634d1704c0 method=java.nio.Buffer.position(I)Ljava/nio/Buffer; @ 37 c2
Event: 25.960 Thread 0x000002633daf3100 DEOPT PACKING pc=0x000002634d1704c0 sp=0x000000ac5e1fb910
Event: 25.960 Thread 0x000002633daf3100 DEOPT UNPACKING pc=0x000002634cbd69a3 sp=0x000000ac5e1fb898 mode 2
Event: 25.962 Thread 0x000002633daf3100 Uncommon trap: trap_request=0xffffff45 fr.pc=0x000002634d4a64c8 relative=0x0000000000000208
Event: 25.962 Thread 0x000002633daf3100 Uncommon trap: reason=unstable_if action=reinterpret pc=0x000002634d4a64c8 method=java.nio.charset.CharsetDecoder.decode(Ljava/nio/ByteBuffer;Ljava/nio/CharBuffer;Z)Ljava/nio/charset/CoderResult; @ 93 c2
Event: 25.962 Thread 0x000002633daf3100 DEOPT PACKING pc=0x000002634d4a64c8 sp=0x000000ac5e1fb9c0
Event: 25.962 Thread 0x000002633daf3100 DEOPT UNPACKING pc=0x000002634cbd69a3 sp=0x000000ac5e1fb978 mode 2
Event: 25.995 Thread 0x000002633daf3100 Uncommon trap: trap_request=0xffffffde fr.pc=0x000002634d36fea0 relative=0x0000000000001e40
Event: 25.995 Thread 0x000002633daf3100 Uncommon trap: reason=class_check action=maybe_recompile pc=0x000002634d36fea0 method=org.apache.maven.model.Plugin.clone()Lorg/apache/maven/model/Plugin; @ 94 c2
Event: 25.995 Thread 0x000002633daf3100 DEOPT PACKING pc=0x000002634d36fea0 sp=0x000000ac5e1fd8e0
Event: 25.995 Thread 0x000002633daf3100 DEOPT UNPACKING pc=0x000002634cbd69a3 sp=0x000000ac5e1fd8f0 mode 2
Event: 26.129 Thread 0x000002633daf3100 DEOPT PACKING pc=0x00000263467fef35 sp=0x000000ac5e1fcb60
Event: 26.129 Thread 0x000002633daf3100 DEOPT UNPACKING pc=0x000002634cbd7143 sp=0x000000ac5e1fc040 mode 0
Event: 26.269 Thread 0x000002633daf3100 DEOPT PACKING pc=0x00000263467fef35 sp=0x000000ac5e1fb1b0
Event: 26.269 Thread 0x000002633daf3100 DEOPT UNPACKING pc=0x000002634cbd7143 sp=0x000000ac5e1fa690 mode 0

Classes loaded (20 events):
Event: 25.944 Loading class java/text/AttributedCharacterIterator
Event: 25.944 Loading class java/text/CharacterIterator
Event: 25.945 Loading class java/text/CharacterIterator done
Event: 25.945 Loading class java/text/AttributedCharacterIterator done
Event: 25.945 Loading class java/text/CalendarBuilder
Event: 25.945 Loading class java/text/CalendarBuilder done
Event: 25.946 Loading class java/util/Locale$FilteringMode
Event: 25.947 Loading class java/util/Locale$FilteringMode done
Event: 25.947 Loading class sun/util/locale/LocaleExtensions
Event: 25.947 Loading class sun/util/locale/LocaleExtensions done
Event: 25.947 Loading class java/io/ObjectOutputStream
Event: 25.948 Loading class java/io/ObjectOutput
Event: 25.948 Loading class java/io/ObjectOutput done
Event: 25.948 Loading class java/io/ObjectOutputStream done
Event: 25.948 Loading class java/util/Locale$IsoCountryCode
Event: 25.949 Loading class java/util/Locale$IsoCountryCode done
Event: 25.957 Loading class java/nio/charset/CharacterCodingException
Event: 25.957 Loading class java/nio/charset/CharacterCodingException done
Event: 25.974 Loading class java/util/function/UnaryOperator
Event: 25.974 Loading class java/util/function/UnaryOperator done

Classes unloaded (0 events):
No events

Classes redefined (0 events):
No events

Internal exceptions (20 events):
Event: 15.950 Thread 0x000002633daf3100 Exception <a 'sun/nio/fs/WindowsException'{0x00000000c7e035f0}> (0x00000000c7e035f0) 
thrown [s\src\hotspot\share\prims\jni.cpp, line 516]
Event: 15.950 Thread 0x000002633daf3100 Exception <a 'sun/nio/fs/WindowsException'{0x00000000c7e045f0}> (0x00000000c7e045f0) 
thrown [s\src\hotspot\share\prims\jni.cpp, line 516]
Event: 15.957 Thread 0x000002633daf3100 Exception <a 'sun/nio/fs/WindowsException'{0x00000000c7e20ea8}> (0x00000000c7e20ea8) 
thrown [s\src\hotspot\share\prims\jni.cpp, line 516]
Event: 15.957 Thread 0x000002633daf3100 Exception <a 'sun/nio/fs/WindowsException'{0x00000000c7e21598}> (0x00000000c7e21598) 
thrown [s\src\hotspot\share\prims\jni.cpp, line 516]
Event: 15.957 Thread 0x000002633daf3100 Exception <a 'sun/nio/fs/WindowsException'{0x00000000c7e22598}> (0x00000000c7e22598) 
thrown [s\src\hotspot\share\prims\jni.cpp, line 516]
Event: 15.965 Thread 0x000002633daf3100 Exception <a 'sun/nio/fs/WindowsException'{0x00000000c7e54668}> (0x00000000c7e54668) 
thrown [s\src\hotspot\share\prims\jni.cpp, line 516]
Event: 15.965 Thread 0x000002633daf3100 Exception <a 'sun/nio/fs/WindowsException'{0x00000000c7e54d48}> (0x00000000c7e54d48) 
thrown [s\src\hotspot\share\prims\jni.cpp, line 516]
Event: 15.965 Thread 0x000002633daf3100 Exception <a 'sun/nio/fs/WindowsException'{0x00000000c7e55ce0}> (0x00000000c7e55ce0) 
thrown [s\src\hotspot\share\prims\jni.cpp, line 516]
Event: 15.972 Thread 0x000002633daf3100 Exception <a 'sun/nio/fs/WindowsException'{0x00000000c7e75aa0}> (0x00000000c7e75aa0) 
thrown [s\src\hotspot\share\prims\jni.cpp, line 516]
Event: 15.972 Thread 0x000002633daf3100 Exception <a 'sun/nio/fs/WindowsException'{0x00000000c7e76178}> (0x00000000c7e76178) 
thrown [s\src\hotspot\share\prims\jni.cpp, line 516]
Event: 15.972 Thread 0x000002633daf3100 Exception <a 'sun/nio/fs/WindowsException'{0x00000000c7e770d8}> (0x00000000c7e770d8) 
thrown [s\src\hotspot\share\prims\jni.cpp, line 516]
Event: 15.982 Thread 0x000002633daf3100 Exception <a 'sun/nio/fs/WindowsException'{0x00000000c7eaedb8}> (0x00000000c7eaedb8) 
thrown [s\src\hotspot\share\prims\jni.cpp, line 516]
Event: 15.982 Thread 0x000002633daf3100 Exception <a 'sun/nio/fs/WindowsException'{0x00000000c7eaf4a0}> (0x00000000c7eaf4a0) 
thrown [s\src\hotspot\share\prims\jni.cpp, line 516]
Event: 15.983 Thread 0x000002633daf3100 Exception <a 'sun/nio/fs/WindowsException'{0x00000000c7eb0488}> (0x00000000c7eb0488) 
thrown [s\src\hotspot\share\prims\jni.cpp, line 516]
Event: 15.983 Thread 0x000002633daf3100 Exception <a 'sun/nio/fs/WindowsException'{0x00000000c7eb0c20}> (0x00000000c7eb0c20) 
thrown [s\src\hotspot\share\prims\jni.cpp, line 516]
Event: 18.144 Thread 0x00000263a0842af0 Exception <a 'java/lang/NoSuchMethodError'{0x00000000c62b95f0}: 'java.lang.Object java.lang.invoke.DirectMethodHandle$Holder.invokeStatic(java.lang.Object, java.lang.Object, long, java.lang.Object)'> (0x00000000c62b95f0) 
thrown [s\src\hotspot\share\interpreter\linkResolver.cpp, line 759]
Event: 18.145 Thread 0x00000263a0842af0 Exception <a 'java/lang/NoSuchMethodError'{0x00000000c62bcdc8}: 'java.lang.Object java.lang.invoke.DirectMethodHandle$Holder.invokeStaticInit(java.lang.Object, java.lang.Object, long, java.lang.Object)'> (0x00000000c62bcdc8) 
thrown [s\src\hotspot\share\interpreter\linkResolver.cpp, line 759]
Event: 18.147 Thread 0x00000263a0842af0 Exception <a 'java/lang/NoSuchMethodError'{0x00000000c62c3410}: 'java.lang.Object java.lang.invoke.DirectMethodHandle$Holder.newInvokeSpecial(java.lang.Object, java.lang.Object, long)'> (0x00000000c62c3410) 
thrown [s\src\hotspot\share\interpreter\linkResolver.cpp, line 759]
Event: 18.147 Thread 0x00000263a0842af0 Exception <a 'java/lang/NoSuchMethodError'{0x00000000c62c6f80}: 'java.lang.Object java.lang.invoke.Invokers$Holder.linkToTargetMethod(java.lang.Object, long, java.lang.Object)'> (0x00000000c62c6f80) 
thrown [s\src\hotspot\share\interpreter\linkResolver.cpp, line 759]
Event: 21.664 Thread 0x000002633daf3100 Exception <a 'java/lang/NoSuchMethodError'{0x00000000c986e4c8}: 'void java.lang.invoke.DirectMethodHandle$Holder.invokeStatic(java.lang.Object, java.lang.Object, java.lang.Object, java.lang.Object)'> (0x00000000c986e4c8) 
thrown [s\src\hotspot\share\interpreter\linkResolver.cpp, line 759]

VM Operations (20 events):
Event: 21.758 Executing VM operation: G1CollectForAllocation
Event: 21.774 Executing VM operation: G1CollectForAllocation done
Event: 22.782 Executing VM operation: Cleanup
Event: 22.782 Executing VM operation: Cleanup done
Event: 23.793 Executing VM operation: Cleanup
Event: 23.793 Executing VM operation: Cleanup done
Event: 24.596 Executing VM operation: G1CollectForAllocation
Event: 24.602 Executing VM operation: G1CollectForAllocation done
Event: 25.410 Executing VM operation: HandshakeAllThreads
Event: 25.410 Executing VM operation: HandshakeAllThreads done
Event: 25.477 Executing VM operation: HandshakeAllThreads
Event: 25.477 Executing VM operation: HandshakeAllThreads done
Event: 25.732 Executing VM operation: HandshakeAllThreads
Event: 25.732 Executing VM operation: HandshakeAllThreads done
Event: 25.732 Executing VM operation: Cleanup
Event: 25.732 Executing VM operation: Cleanup done
Event: 25.960 Executing VM operation: HandshakeAllThreads
Event: 25.960 Executing VM operation: HandshakeAllThreads done
Event: 26.020 Executing VM operation: HandshakeAllThreads
Event: 26.020 Executing VM operation: HandshakeAllThreads done

Memory protections (0 events):
No events

Nmethod flushes (20 events):
Event: 26.044 Thread 0x000002639a148da0 flushing  nmethod 0x000002634671d490
Event: 26.044 Thread 0x000002639a148da0 flushing  nmethod 0x0000026346725410
Event: 26.044 Thread 0x000002639a148da0 flushing  nmethod 0x0000026346732390
Event: 26.044 Thread 0x000002639a148da0 flushing  nmethod 0x000002634673df10
Event: 26.045 Thread 0x000002639a148da0 flushing  nmethod 0x00000263467a0610
Event: 26.045 Thread 0x000002639a148da0 flushing  nmethod 0x00000263467a7990
Event: 26.045 Thread 0x000002639a148da0 flushing  nmethod 0x00000263467a7d90
Event: 26.045 Thread 0x000002639a148da0 flushing  nmethod 0x00000263467a8590
Event: 26.045 Thread 0x000002639a148da0 flushing  nmethod 0x00000263467a8c10
Event: 26.045 Thread 0x000002639a148da0 flushing  nmethod 0x00000263467a9090
Event: 26.045 Thread 0x000002639a148da0 flushing  nmethod 0x00000263467b3410
Event: 26.045 Thread 0x000002639a148da0 flushing  nmethod 0x00000263467b4210
Event: 26.045 Thread 0x000002639a148da0 flushing  nmethod 0x00000263467b4f10
Event: 26.045 Thread 0x000002639a148da0 flushing  nmethod 0x00000263467b6990
Event: 26.045 Thread 0x000002639a148da0 flushing  nmethod 0x00000263467b9590
Event: 26.045 Thread 0x000002639a148da0 flushing  nmethod 0x00000263467ba010
Event: 26.045 Thread 0x000002639a148da0 flushing  nmethod 0x00000263467bb890
Event: 26.045 Thread 0x000002639a148da0 flushing  nmethod 0x00000263467c0110
Event: 26.045 Thread 0x000002639a148da0 flushing  nmethod 0x00000263467c3c90
Event: 26.045 Thread 0x000002639a148da0 flushing  nmethod 0x000002634684ab10

Events (20 events):
Event: 0.229 Thread 0x000002633daf3100 Thread added: 0x000002639a2a1b60
Event: 0.542 Thread 0x000002633daf3100 Thread added: 0x000002639a682780
Event: 0.560 Thread 0x000002639a682780 Thread exited: 0x000002639a682780
Event: 1.416 Thread 0x000002639a145470 Thread added: 0x000002639ab32260
Event: 2.458 Thread 0x000002639ab32260 Thread exited: 0x000002639ab32260
Event: 2.943 Thread 0x000002639a145470 Thread added: 0x000002639f3755c0
Event: 3.692 Thread 0x000002633daf3100 Thread added: 0x000002639ad24050
Event: 7.759 Thread 0x000002639f3755c0 Thread exited: 0x000002639f3755c0
Event: 18.123 Thread 0x000002633daf3100 Thread added: 0x00000263a0842af0
Event: 18.151 Thread 0x00000263a0842af0 Thread exited: 0x00000263a0842af0
Event: 20.315 Thread 0x000002633daf3100 Thread added: 0x00000263a08420d0
Event: 20.316 Thread 0x000002633daf3100 Thread added: 0x00000263a08425e0
Event: 20.316 Thread 0x000002633daf3100 Thread added: 0x00000263a0842af0
Event: 20.317 Thread 0x000002633daf3100 Thread added: 0x000002639f896a80
Event: 20.687 Thread 0x00000263a08425e0 Thread exited: 0x00000263a08425e0
Event: 20.688 Thread 0x00000263a08420d0 Thread exited: 0x00000263a08420d0
Event: 20.688 Thread 0x00000263a0842af0 Thread exited: 0x00000263a0842af0
Event: 20.688 Thread 0x000002639f896a80 Thread exited: 0x000002639f896a80
Event: 22.734 Thread 0x000002633daf3100 Thread added: 0x00000263a08420d0
Event: 22.743 Thread 0x00000263a08420d0 Thread exited: 0x00000263a08420d0


Dynamic libraries:
0x00007ff69ba90000 - 0x00007ff69ba9e000 	C:\Users\AGOUROU GUSTAVE\AppData\Roaming\Code\User\globalStorage\pleiades.java-extension-pack-jdk\java\17\bin\java.exe
0x00007ffef9090000 - 0x00007ffef9288000 	C:\WINDOWS\SYSTEM32\ntdll.dll
0x00007ffef8590000 - 0x00007ffef8652000 	C:\WINDOWS\System32\KERNEL32.DLL
0x00007ffef6720000 - 0x00007ffef6a17000 	C:\WINDOWS\System32\KERNELBASE.dll
0x00007ffef6de0000 - 0x00007ffef6ee0000 	C:\WINDOWS\System32\ucrtbase.dll
0x00007ffeed450000 - 0x00007ffeed46e000 	C:\Users\AGOUROU GUSTAVE\AppData\Roaming\Code\User\globalStorage\pleiades.java-extension-pack-jdk\java\17\bin\VCRUNTIME140.dll
0x00007ffef1390000 - 0x00007ffef13a7000 	C:\Users\AGOUROU GUSTAVE\AppData\Roaming\Code\User\globalStorage\pleiades.java-extension-pack-jdk\java\17\bin\jli.dll
0x00007ffef8c90000 - 0x00007ffef8e2d000 	C:\WINDOWS\System32\USER32.dll
0x00007ffef6bd0000 - 0x00007ffef6bf2000 	C:\WINDOWS\System32\win32u.dll
0x00007ffee4fd0000 - 0x00007ffee526a000 	C:\WINDOWS\WinSxS\amd64_microsoft.windows.common-controls_6595b64144ccf1df_6.0.19041.5915_none_60b4b9d171f9c7c7\COMCTL32.dll
0x00007ffef75c0000 - 0x00007ffef75eb000 	C:\WINDOWS\System32\GDI32.dll
0x00007ffef84e0000 - 0x00007ffef857e000 	C:\WINDOWS\System32\msvcrt.dll
0x00007ffef6a20000 - 0x00007ffef6b39000 	C:\WINDOWS\System32\gdi32full.dll
0x00007ffef7010000 - 0x00007ffef70ad000 	C:\WINDOWS\System32\msvcp_win.dll
0x00007ffef7a60000 - 0x00007ffef7a8f000 	C:\WINDOWS\System32\IMM32.DLL
0x00007ffef3580000 - 0x00007ffef358c000 	C:\Users\AGOUROU GUSTAVE\AppData\Roaming\Code\User\globalStorage\pleiades.java-extension-pack-jdk\java\17\bin\vcruntime140_1.dll
0x00007ffed9f40000 - 0x00007ffed9fcd000 	C:\Users\AGOUROU GUSTAVE\AppData\Roaming\Code\User\globalStorage\pleiades.java-extension-pack-jdk\java\17\bin\msvcp140.dll
0x00007ffecb350000 - 0x00007ffecbfbb000 	C:\Users\AGOUROU GUSTAVE\AppData\Roaming\Code\User\globalStorage\pleiades.java-extension-pack-jdk\java\17\bin\server\jvm.dll
0x00007ffef7110000 - 0x00007ffef71c1000 	C:\WINDOWS\System32\ADVAPI32.dll
0x00007ffef8970000 - 0x00007ffef8a0f000 	C:\WINDOWS\System32\sechost.dll
0x00007ffef7a90000 - 0x00007ffef7bb6000 	C:\WINDOWS\System32\RPCRT4.dll
0x00007ffef6ee0000 - 0x00007ffef6f07000 	C:\WINDOWS\System32\bcrypt.dll
0x00007ffef8bc0000 - 0x00007ffef8c2b000 	C:\WINDOWS\System32\WS2_32.dll
0x00007ffee52b0000 - 0x00007ffee52ba000 	C:\WINDOWS\SYSTEM32\VERSION.dll
0x00007ffee5280000 - 0x00007ffee52a7000 	C:\WINDOWS\SYSTEM32\WINMM.dll
0x00007ffef6600000 - 0x00007ffef664b000 	C:\WINDOWS\SYSTEM32\POWRPROF.dll
0x00007ffef65e0000 - 0x00007ffef65f2000 	C:\WINDOWS\SYSTEM32\UMPDC.dll
0x00007ffef4ee0000 - 0x00007ffef4ef2000 	C:\WINDOWS\SYSTEM32\kernel.appcore.dll
0x00007ffeecad0000 - 0x00007ffeecada000 	C:\Users\AGOUROU GUSTAVE\AppData\Roaming\Code\User\globalStorage\pleiades.java-extension-pack-jdk\java\17\bin\jimage.dll
0x00007ffef4ba0000 - 0x00007ffef4da1000 	C:\WINDOWS\SYSTEM32\DBGHELP.DLL
0x00007ffee3510000 - 0x00007ffee3544000 	C:\WINDOWS\SYSTEM32\dbgcore.DLL
0x00007ffef6b40000 - 0x00007ffef6bc2000 	C:\WINDOWS\System32\bcryptPrimitives.dll
0x00007ffee36c0000 - 0x00007ffee36e5000 	C:\Users\AGOUROU GUSTAVE\AppData\Roaming\Code\User\globalStorage\pleiades.java-extension-pack-jdk\java\17\bin\java.dll
0x00007ffed30b0000 - 0x00007ffed3187000 	C:\Users\AGOUROU GUSTAVE\AppData\Roaming\Code\User\globalStorage\pleiades.java-extension-pack-jdk\java\17\bin\jsvml.dll
0x00007ffef7bc0000 - 0x00007ffef832e000 	C:\WINDOWS\System32\SHELL32.dll
0x00007ffef4330000 - 0x00007ffef4ad4000 	C:\WINDOWS\SYSTEM32\windows.storage.dll
0x00007ffef7260000 - 0x00007ffef75b3000 	C:\WINDOWS\System32\combase.dll
0x00007ffef5fa0000 - 0x00007ffef5fcb000 	C:\WINDOWS\SYSTEM32\Wldp.dll
0x00007ffef8f80000 - 0x00007ffef904d000 	C:\WINDOWS\System32\OLEAUT32.dll
0x00007ffef8b10000 - 0x00007ffef8bbd000 	C:\WINDOWS\System32\SHCORE.dll
0x00007ffef8c30000 - 0x00007ffef8c8b000 	C:\WINDOWS\System32\shlwapi.dll
0x00007ffef6650000 - 0x00007ffef6674000 	C:\WINDOWS\SYSTEM32\profapi.dll
0x00007ffee4250000 - 0x00007ffee4269000 	C:\Users\AGOUROU GUSTAVE\AppData\Roaming\Code\User\globalStorage\pleiades.java-extension-pack-jdk\java\17\bin\net.dll
0x00007ffee8c10000 - 0x00007ffee8d1a000 	C:\WINDOWS\SYSTEM32\WINHTTP.dll
0x00007ffef5d80000 - 0x00007ffef5dea000 	C:\WINDOWS\system32\mswsock.dll
0x00007ffeddf30000 - 0x00007ffeddf46000 	C:\Users\AGOUROU GUSTAVE\AppData\Roaming\Code\User\globalStorage\pleiades.java-extension-pack-jdk\java\17\bin\nio.dll
0x00007ffedb950000 - 0x00007ffedb968000 	C:\Users\AGOUROU GUSTAVE\AppData\Roaming\Code\User\globalStorage\pleiades.java-extension-pack-jdk\java\17\bin\zip.dll
0x00007ffeda140000 - 0x00007ffeda164000 	C:\Program Files\apache-maven-3.9.9\lib\jansi-native\Windows\x86_64\jansi.dll
0x00007ffee52c0000 - 0x00007ffee52d0000 	C:\Users\AGOUROU GUSTAVE\AppData\Roaming\Code\User\globalStorage\pleiades.java-extension-pack-jdk\java\17\bin\verify.dll
0x00007ffef5910000 - 0x00007ffef5943000 	C:\WINDOWS\SYSTEM32\ntmarta.dll

dbghelp: loaded successfully - version: 4.0.5 - missing functions: none
symbol engine: initialized successfully - sym options: 0x614 - pdb path: .;C:\Users\AGOUROU GUSTAVE\AppData\Roaming\Code\User\globalStorage\pleiades.java-extension-pack-jdk\java\17\bin;C:\WINDOWS\SYSTEM32;C:\WINDOWS\WinSxS\amd64_microsoft.windows.common-controls_6595b64144ccf1df_6.0.19041.5915_none_60b4b9d171f9c7c7;C:\Users\AGOUROU GUSTAVE\AppData\Roaming\Code\User\globalStorage\pleiades.java-extension-pack-jdk\java\17\bin\server;C:\Program Files\apache-maven-3.9.9\lib\jansi-native\Windows\x86_64

VM Arguments:
jvm_args: -Dclassworlds.conf=C:\Program Files\apache-maven-3.9.9\bin\m2.conf -Dmaven.home=C:\Program Files\apache-maven-3.9.9 -Dlibrary.jansi.path=C:\Program Files\apache-maven-3.9.9\lib\jansi-native -Dmaven.multiModuleProjectDirectory=C:\Users\AGOUROU GUSTAVE\Downloads\Open Classroom\P5\safetynet-alerts 
java_command: org.codehaus.plexus.classworlds.launcher.Launcher clean verify -Dmaven.test.skip=true
java_class_path (initial): C:\Program Files\apache-maven-3.9.9\boot\plexus-classworlds-2.8.0.jar
Launcher Type: SUN_STANDARD

[Global flags]
     intx CICompilerCount                          = 3                                         {product} {ergonomic}
     uint ConcGCThreads                            = 1                                         {product} {ergonomic}
     uint G1ConcRefinementThreads                  = 4                                         {product} {ergonomic}
   size_t G1HeapRegionSize                         = 1048576                                   {product} {ergonomic}
    uintx GCDrainStackTargetSize                   = 64                                        {product} {ergonomic}
   size_t InitialHeapSize                          = 67108864                                  {product} {ergonomic}
   size_t MarkStackSize                            = 4194304                                   {product} {ergonomic}
   size_t MaxHeapSize                              = 1048576000                                {product} {ergonomic}
   size_t MaxNewSize                               = 629145600                                 {product} {ergonomic}
   size_t MinHeapDeltaBytes                        = 1048576                                   {product} {ergonomic}
   size_t MinHeapSize                              = 8388608                                   {product} {ergonomic}
    uintx NonNMethodCodeHeapSize                   = 5832780                                {pd product} {ergonomic}
    uintx NonProfiledCodeHeapSize                  = 122912730                              {pd product} {ergonomic}
    uintx ProfiledCodeHeapSize                     = 122912730                              {pd product} {ergonomic}
    uintx ReservedCodeCacheSize                    = 251658240                              {pd product} {ergonomic}
     bool SegmentedCodeCache                       = true                                      {product} {ergonomic}
   size_t SoftMaxHeapSize                          = 1048576000                             {manageable} {ergonomic}
     bool UseCompressedClassPointers               = true                           {product lp64_product} {ergonomic}
     bool UseCompressedOops                        = true                           {product lp64_product} {ergonomic}
     bool UseG1GC                                  = true                                      {product} {ergonomic}
     bool UseLargePagesIndividualAllocation        = false                                  {pd product} {ergonomic}

Logging:
Log output configuration:
 #0: stdout all=warning uptime,level,tags
 #1: stderr all=off uptime,level,tags

Environment Variables:
JAVA_HOME=C:\Users\AGOUROU GUSTAVE\AppData\Roaming\Code\User\globalStorage\pleiades.java-extension-pack-jdk\java\17
PATH=C:\Users\AGOUROU GUSTAVE\AppData\Roaming\Code\User\globalStorage\pleiades.java-extension-pack-jdk\gradle\latest\bin;C:\Program Files\apache-maven-3.9.9\bin;C:\Users\AGOUROU GUSTAVE\AppData\Roaming\Code\User\globalStorage\pleiades.java-extension-pack-jdk\java\17\bin;C:\Users\AGOUROU GUSTAVE\Downloads\apache-maven-3.9.9-bin\apache-maven-3.9.9\bin;C:\Program Files\Eclipse Adoptium\jdk-17.0.15+6\bin;C:\Program Files\Common Files\Oracle\Java\javapath;C:\Program Files (x86)\Intel\iCLS Client\;C:\Program Files\Intel\iCLS Client\;C:\WINDOWS\system32;C:\WINDOWS;C:\WINDOWS\System32\Wbem;C:\WINDOWS\System32\WindowsPowerShell\v1.0\;C:\WINDOWS\System32\OpenSSH\;C:\Program Files (x86)\Intel\Intel(R) Management Engine Components\DAL;C:\Program Files\Intel\Intel(R) Management Engine Components\DAL;C:\Program Files (x86)\Intel\Intel(R) Management Engine Components\IPT;C:\Program Files\Intel\Intel(R) Management Engine Components\IPT;C:\Users\AGOUROU GUSTAVE\Downloads\platform-tools_r34.0.3-windows\platform-tools;C:\Program Files\mingw64\bin;C:\Program Files\Git\cmd;C:\Program Files\apache-maven-3.9.9\bin;C:\Program Files\JavaUSBComplete\bin;C:\Windows\Installer\{5D847F4E-C86E-4EEC-8E84-E13E00C48891};C:\Program Files\MySQL\MySQL Server 8.0\bin;C:\Program Files\OpenSSL-Win64\bin;C:\railway\;C:\Users\AGOUROU GUSTAVE\Desktop\Microsoft VS Code\bin;C:\railway\;C:\Program Files\MongoDB\Server\8.0\bin;C:\Program Files\nodejs\;C:\Users\AGOUROU GUSTAVE\AppData\Roaming\npm;;C:\Program Files\Docker\Docker\resources\bin;;C:\Users\AGOUROU GUSTAVE\Desktop\Microsoft VS Code\bin;C:\Users\AGOUROU GUSTAVE\AppData\Local\Programs\mongosh\;C:\Users\AGOUROU GUSTAVE\AppData\Roaming\npm
USERNAME=AGOUROU GUSTAVE
LANG=en_US.UTF-8
OS=Windows_NT
PROCESSOR_IDENTIFIER=Intel64 Family 6 Model 61 Stepping 4, GenuineIntel
TMP=C:\Users\AGOURO~1\AppData\Local\Temp
TEMP=C:\Users\AGOURO~1\AppData\Local\Temp



Periodic native trim disabled


---------------  S Y S T E M  ---------------

OS:
 Windows 10 , 64 bit Build 19041 (10.0.19041.5915)
OS uptime: 0 days 15:46 hours
Hyper-V role detected

CPU: total 4 (initial active 4) (2 cores per cpu, 2 threads per core) family 6 model 61 stepping 4 microcode 0x2d, cx8, cmov, fxsr, ht, mmx, 3dnowpref, sse, sse2, sse3, ssse3, sse4.1, sse4.2, popcnt, lzcnt, tsc, tscinvbit, avx, avx2, aes, erms, clmul, bmi1, bmi2, adx, fma, vzeroupper, clflush, hv
Processor Information for all 4 processors :
  Max Mhz: 1995, Current Mhz: 1995, Mhz Limit: 1995

Memory: 4k page, system-wide physical 3997M (296M free)
TotalPageFile size 16285M (AvailPageFile size 6M)
current process WorkingSet (physical memory assigned to process): 284M, peak: 289M
current process commit charge ("private bytes"): 311M, peak: 314M

vm_info: OpenJDK 64-Bit Server VM (17.0.16+8) for windows-amd64 JRE (17.0.16+8), built on Jul 16 2025 10:37:56 by "admin" with MS VC++ 17.7 (VS2022)

END.
